<?xml version="1.0" encoding="UTF-8"?>
<coverage generated="1773653194968" clover="3.2.0">
  <project timestamp="1773653194968" name="All files">
    <metrics statements="15" coveredstatements="15" conditionals="16" coveredconditionals="16" methods="1" coveredmethods="1" elements="32" coveredelements="32" complexity="0" loc="15" ncloc="15" packages="1" files="1" classes="1"/>
    <file name="userValidator.ts" path="C:\Users\hitma\OneDrive\Bureau\Ephec\DEV 3\dev3-backend-tp1\server\src\utils\userValidator.ts">
      <metrics statements="15" coveredstatements="15" conditionals="16" coveredconditionals="16" methods="1" coveredmethods="1"/>
      <line num="1" count="1" type="stmt"/>
      <line num="7" count="9" type="cond" truecount="4" falsecount="0"/>
      <line num="8" count="1" type="stmt"/>
      <line num="11" count="8" type="stmt"/>
      <line num="13" count="8" type="cond" truecount="2" falsecount="0"/>
      <line num="14" count="1" type="stmt"/>
      <line num="17" count="7" type="cond" truecount="2" falsecount="0"/>
      <line num="18" count="1" type="stmt"/>
      <line num="21" count="6" type="cond" truecount="2" falsecount="0"/>
      <line num="22" count="2" type="cond" truecount="2" falsecount="0"/>
      <line num="23" count="1" type="stmt"/>
      <line num="25" count="1" type="stmt"/>
      <line num="28" count="4" type="cond" truecount="4" falsecount="0"/>
      <line num="29" count="2" type="stmt"/>
      <line num="32" count="2" type="stmt"/>
    </file>
  </project>
</coverage>
