{"C:\\Users\\hitma\\OneDrive\\Bureau\\Ephec\\DEV 3\\dev3-backend-tp1\\server\\src\\utils\\userValidator.ts": {"path":"C:\\Users\\hitma\\OneDrive\\Bureau\\Ephec\\DEV 3\\dev3-backend-tp1\\server\\src\\utils\\userValidator.ts","statementMap":{"0":{"start":{"line":1,"column":0},"end":{"line":1,"column":16}},"1":{"start":{"line":7,"column":4},"end":{"line":9,"column":5}},"2":{"start":{"line":8,"column":8},"end":{"line":8,"column":21}},"3":{"start":{"line":11,"column":23},"end":{"line":11,"column":53}},"4":{"start":{"line":13,"column":4},"end":{"line":15,"column":5}},"5":{"start":{"line":14,"column":8},"end":{"line":14,"column":41}},"6":{"start":{"line":17,"column":4},"end":{"line":19,"column":5}},"7":{"start":{"line":18,"column":8},"end":{"line":18,"column":40}},"8":{"start":{"line":21,"column":4},"end":{"line":26,"column":5}},"9":{"start":{"line":22,"column":8},"end":{"line":24,"column":9}},"10":{"start":{"line":23,"column":12},"end":{"line":23,"column":24}},"11":{"start":{"line":25,"column":8},"end":{"line":25,"column":21}},"12":{"start":{"line":28,"column":4},"end":{"line":30,"column":5}},"13":{"start":{"line":29,"column":8},"end":{"line":29,"column":21}},"14":{"start":{"line":32,"column":4},"end":{"line":32,"column":16}}},"fnMap":{"0":{"name":"validateUserRegistration","decl":{"start":{"line":1,"column":16},"end":{"line":1,"column":40}},"loc":{"start":{"line":4,"column":17},"end":{"line":33,"column":1}}}},"branchMap":{"0":{"loc":{"start":{"line":7,"column":4},"end":{"line":9,"column":5}},"type":"if","locations":[{"start":{"line":7,"column":4},"end":{"line":9,"column":5}},{"start":{},"end":{}}]},"1":{"loc":{"start":{"line":7,"column":8},"end":{"line":7,"column":45}},"type":"binary-expr","locations":[{"start":{"line":7,"column":8},"end":{"line":7,"column":31}},{"start":{"line":7,"column":35},"end":{"line":7,"column":45}}]},"2":{"loc":{"start":{"line":13,"column":4},"end":{"line":15,"column":5}},"type":"if","locations":[{"start":{"line":13,"column":4},"end":{"line":15,"column":5}},{"start":{},"end":{}}]},"3":{"loc":{"start":{"line":17,"column":4},"end":{"line":19,"column":5}},"type":"if","locations":[{"start":{"line":17,"column":4},"end":{"line":19,"column":5}},{"start":{},"end":{}}]},"4":{"loc":{"start":{"line":21,"column":4},"end":{"line":26,"column":5}},"type":"if","locations":[{"start":{"line":21,"column":4},"end":{"line":26,"column":5}},{"start":{},"end":{}}]},"5":{"loc":{"start":{"line":22,"column":8},"end":{"line":24,"column":9}},"type":"if","locations":[{"start":{"line":22,"column":8},"end":{"line":24,"column":9}},{"start":{},"end":{}}]},"6":{"loc":{"start":{"line":28,"column":4},"end":{"line":30,"column":5}},"type":"if","locations":[{"start":{"line":28,"column":4},"end":{"line":30,"column":5}},{"start":{},"end":{}}]},"7":{"loc":{"start":{"line":28,"column":8},"end":{"line":28,"column":52}},"type":"binary-expr","locations":[{"start":{"line":28,"column":8},"end":{"line":28,"column":28}},{"start":{"line":28,"column":32},"end":{"line":28,"column":52}}]}},"s":{"0":1,"1":9,"2":1,"3":8,"4":8,"5":1,"6":7,"7":1,"8":6,"9":2,"10":1,"11":1,"12":4,"13":2,"14":2},"f":{"0":9},"b":{"0":[1,8],"1":[9,9],"2":[1,7],"3":[1,6],"4":[2,4],"5":[1,1],"6":[2,2],"7":[4,3]}}
}
